[2019-05-16T23:20:00.675Z] starting `heroku update --autoupdate` from /usr/local/bin/heroku git:remote
waiting until 2019-05-17T00:20:00.000Z to update
waiting until 2019-05-17T00:20:00.000Z to update
waiting until 2019-05-17T00:20:00.000Z to update
waiting until 2019-05-17T00:20:00.000Z to update
waiting until 2019-05-17T00:20:00.000Z to update
waiting until 2019-05-17T00:20:00.000Z to update
waiting until 2019-05-17T00:20:00.000Z to update
waiting until 2019-05-17T00:20:00.000Z to update
waiting until 2019-05-17T00:20:00.000Z to update
waiting until 2019-05-17T00:20:00.000Z to update
waiting until 2019-05-17T00:20:00.000Z to update
waiting until 2019-05-17T00:20:00.000Z to update
waiting until 2019-05-17T00:20:00.000Z to update
waiting until 2019-05-17T00:20:00.000Z to update
waiting until 2019-05-17T00:20:00.000Z to update
waiting until 2019-05-17T00:20:00.000Z to update
waiting until 2019-05-17T00:20:00.000Z to update
waiting until 2019-05-17T00:20:00.000Z to update
waiting until 2019-05-17T00:20:00.000Z to update
waiting until 2019-05-17T00:20:00.000Z to update
waiting until 2019-05-17T00:20:00.000Z to update
waiting until 2019-05-17T00:20:00.000Z to update
waiting until 2019-05-17T00:20:00.000Z to update
waiting until 2019-05-17T00:20:00.000Z to update
waiting until 2019-05-17T00:20:00.000Z to update
waiting until 2019-05-17T00:20:00.000Z to update
waiting until 2019-05-17T00:20:00.000Z to update
waiting until 2019-05-17T00:20:00.000Z to update
waiting until 2019-05-17T00:20:00.000Z to update
waiting until 2019-05-17T00:20:00.000Z to update
waiting until 2019-05-17T00:20:00.000Z to update
waiting until 2019-05-17T00:20:00.000Z to update
waiting until 2019-05-17T00:20:00.000Z to update
waiting until 2019-05-17T00:20:00.000Z to update
waiting until 2019-05-17T00:20:00.000Z to update
waiting until 2019-05-17T00:20:00.000Z to update
waiting until 2019-05-17T00:20:00.000Z to update
waiting until 2019-05-17T00:20:00.000Z to update
waiting until 2019-05-17T00:20:00.000Z to update
waiting until 2019-05-17T00:20:00.000Z to update
waiting until 2019-05-17T00:20:00.000Z to update
waiting until 2019-05-17T00:20:00.000Z to update
waiting until 2019-05-17T00:20:00.000Z to update
waiting until 2019-05-17T00:20:00.000Z to update
waiting until 2019-05-17T00:20:00.000Z to update
waiting until 2019-05-17T00:20:00.000Z to update
waiting until 2019-05-17T00:20:00.000Z to update
waiting until 2019-05-17T00:20:00.000Z to update
waiting until 2019-05-17T00:20:00.000Z to update
waiting until 2019-05-17T00:20:00.000Z to update
waiting until 2019-05-17T00:20:00.000Z to update
waiting until 2019-05-17T00:20:00.000Z to update
waiting until 2019-05-17T00:20:00.000Z to update
waiting until 2019-05-17T00:20:00.000Z to update
waiting until 2019-05-17T00:20:00.000Z to update
waiting until 2019-05-17T00:20:00.000Z to update
waiting until 2019-05-17T00:20:00.000Z to update
waiting until 2019-05-17T00:20:00.000Z to update
waiting until 2019-05-17T00:20:00.000Z to update
waiting until 2019-05-17T00:20:00.000Z to update
time to update
heroku: Updating CLI... not updatable
 ›   Warning: update with: "npm update -g heroku"
Updating completions...
Updating completions... done
