2019-05-16T23:20:17.255Z Warning: Cannot open browser. Go to https://cli-auth.heroku.com/auth/browser/0ead3dfb-42e1-4647-a5db-4d8b68e235e7 to finish login or run heroku login --interactive
2019-05-16T23:20:17.255Z
2019-05-16T23:20:17.255Z     at Object.warn (/usr/local/lib/node_modules/heroku/node_modules/@oclif/errors/lib/index.js:33:15)
2019-05-16T23:20:17.255Z     at showUrl (/usr/local/lib/node_modules/heroku/node_modules/@heroku-cli/command/lib/login.js:132:34)
2019-05-16T23:20:17.255Z     at ChildProcess.cp.on.code (/usr/local/lib/node_modules/heroku/node_modules/@heroku-cli/command/lib/login.js:145:17)
2019-05-16T23:20:17.255Z     at emitTwo (events.js:126:13)
2019-05-16T23:20:17.255Z     at ChildProcess.emit (events.js:214:7)
2019-05-16T23:20:17.255Z     at maybeClose (internal/child_process.js:915:16)
2019-05-16T23:20:17.255Z     at Process.ChildProcess._handle.onexit (internal/child_process.js:209:5)
2019-05-16T23:20:36.407Z Error: You do not have permission to view on mywebsite. You need to have the view permission on this app.
2019-05-16T23:20:36.407Z Error ID: forbidden
2019-05-16T23:20:36.407Z     at Function.request (/usr/local/lib/node_modules/heroku/node_modules/@heroku-cli/command/lib/api-client.js:93:27)
2019-05-16T23:20:36.407Z     at <anonymous>
2019-05-17T00:20:00.409Z Warning: update with: "npm update -g heroku"
2019-05-17T00:20:00.409Z     at Object.warn (/usr/local/lib/node_modules/heroku/node_modules/@oclif/errors/lib/index.js:33:15)
2019-05-17T00:20:00.409Z     at UpdateCommand.warn (/usr/local/lib/node_modules/heroku/node_modules/@oclif/command/lib/command.js:40:26)
2019-05-17T00:20:00.409Z     at UpdateCommand.skipUpdate (/usr/local/lib/node_modules/heroku/node_modules/@oclif/plugin-update/lib/commands/update.js:111:22)
2019-05-17T00:20:00.409Z     at UpdateCommand.run (/usr/local/lib/node_modules/heroku/node_modules/@oclif/plugin-update/lib/commands/update.js:27:33)
2019-05-17T00:20:00.409Z     at <anonymous>
2019-05-17T00:20:00.409Z     at process._tickCallback (internal/process/next_tick.js:189:7)
2019/05/21 02:19:31 Error: Expected response to be successful, got 422
    at Request.handleFailure [as _handleFailure] (/usr/local/lib/node_modules/heroku/node_modules/heroku-client/lib/request.js:254:11)
    at Request.<anonymous> (/usr/local/lib/node_modules/heroku/node_modules/heroku-cli-util/lib/command.js:56:12)
    at concat.then (/usr/local/lib/node_modules/heroku/node_modules/heroku-client/lib/request.js:148:16)
    at <anonymous>
    at process._tickCallback (internal/process/next_tick.js:189:7)
2019/05/21 02:19:31 {"id":"addon_error","message":"An error was encountered when contacting the add-on partner to create mongolab:sandbox: We are unable to add the mLab addon to your app at this time, and have been alerted. Please email support@mlab.com for assistance."}
